<?xml version="1.0" encoding="UTF-8"?>
<!-- Generated by org.testng.reporters.JUnitReportReporter -->
<testsuite hostname="LAPTOP-QPIQKOPD" failures="0" tests="4" name="TestNGsProgram.TestCase4" time="77.576" errors="0" timestamp="2021-10-31T12:27:22 IST" skipped="0">
  <testcase classname="TestNGsProgram.TestCase4" name="demo3" time="16.576"/>
  <system-out/>
  <testcase classname="TestNGsProgram.TestCase4" name="demo3" time="18.950"/>
  <system-out/>
  <testcase classname="TestNGsProgram.TestCase4" name="demo3" time="24.326"/>
  <system-out/>
  <testcase classname="TestNGsProgram.TestCase4" name="demo3" time="17.724"/>
  <system-out/>
</testsuite> <!-- TestNGsProgram.TestCase4 -->
