<?xml version="1.0" encoding="UTF-8"?>
<!-- Generated by org.testng.reporters.JUnitReportReporter -->
<testsuite hostname="LAPTOP-QPIQKOPD" failures="0" tests="3" name="TestNGsProgram.Testcase3" time="72.456" errors="0" timestamp="2021-10-28T15:45:03 IST" skipped="0">
  <testcase classname="TestNGsProgram.Testcase3" name="demo2" time="27.067"/>
  <system-out/>
  <testcase classname="TestNGsProgram.Testcase3" name="demo2" time="20.457"/>
  <system-out/>
  <testcase classname="TestNGsProgram.Testcase3" name="demo2" time="24.932"/>
  <system-out/>
</testsuite> <!-- TestNGsProgram.Testcase3 -->
