<?xml version="1.0" encoding="UTF-8"?>
<!-- Generated by org.testng.reporters.JUnitReportReporter -->
<testsuite hostname="LAPTOP-QPIQKOPD" failures="0" tests="1" name="TestNGsProgram.demo" time="0.020" errors="0" timestamp="2021-10-28T10:11:08 IST" skipped="0">
  <testcase classname="TestNGsProgram.demo" name="add" time="0.020"/>
  <system-out/>
</testsuite> <!-- TestNGsProgram.demo -->
