<?xml version="1.0" encoding="UTF-8"?>
<!-- Generated by org.testng.reporters.JUnitReportReporter -->
<testsuite hostname="LAPTOP-QPIQKOPD" failures="0" tests="3" name="TestNGsProgram.Testcase6" time="0.026" errors="0" timestamp="2021-10-28T11:18:07 IST" skipped="0">
  <testcase classname="TestNGsProgram.Testcase6" name="a1" time="0.018"/>
  <system-out/>
  <testcase classname="TestNGsProgram.Testcase6" name="a2" time="0.002"/>
  <system-out/>
  <testcase classname="TestNGsProgram.Testcase6" name="a3" time="0.006"/>
  <system-out/>
</testsuite> <!-- TestNGsProgram.Testcase6 -->
