<?xml version="1.0" encoding="UTF-8"?>
<!-- Generated by org.testng.reporters.JUnitReportReporter -->
<testsuite hostname="LAPTOP-QPIQKOPD" failures="0" tests="2" name="TestNGsProgram.TestCase10" time="0.022" errors="0" timestamp="2021-10-28T11:34:43 IST" skipped="0">
  <testcase classname="TestNGsProgram.TestCase10" name="a3" time="0.003"/>
  <system-out/>
  <testcase classname="TestNGsProgram.TestCase10" name="a1" time="0.019"/>
  <system-out/>
</testsuite> <!-- TestNGsProgram.TestCase10 -->
