<?xml version="1.0" encoding="UTF-8"?>
<!-- Generated by org.testng.reporters.JUnitReportReporter -->
<testsuite hostname="LAPTOP-QPIQKOPD" failures="0" tests="1" name="TestNGsProgram.Myntra" time="21.052" errors="0" timestamp="2021-10-29T11:22:37 IST" skipped="0">
  <testcase classname="TestNGsProgram.Myntra" name="nav3" time="21.052"/>
  <system-out/>
</testsuite> <!-- TestNGsProgram.Myntra -->
