<?xml version="1.0" encoding="UTF-8"?>
<!-- Generated by org.testng.reporters.JUnitReportReporter -->
<testsuite hostname="LAPTOP-QPIQKOPD" failures="0" tests="3" name="TestNGsProgram.TestCase9" time="0.024" errors="0" timestamp="2021-10-28T11:33:40 IST" skipped="1">
  <testcase classname="TestNGsProgram.TestCase9" name="a2" time="0.018"/>
  <system-out/>
  <testcase classname="TestNGsProgram.TestCase9" name="a3" time="0.006"/>
  <system-out/>
  <testcase classname="TestNGsProgram.TestCase9" name="a1">
    <skipped/>
  </testcase> <!-- a1 -->
  <system-out/>
</testsuite> <!-- TestNGsProgram.TestCase9 -->
