<?xml version="1.0" encoding="UTF-8"?>
<!-- Generated by org.testng.reporters.JUnitReportReporter -->
<testsuite hostname="LAPTOP-QPIQKOPD" failures="0" tests="1" name="TestNGsProgram.Group2" time="0.006" errors="0" timestamp="2021-10-31T21:32:18 IST" skipped="0">
  <testcase classname="TestNGsProgram.Group2" name="sample3" time="0.006"/>
  <system-out/>
</testsuite> <!-- TestNGsProgram.Group2 -->
