<?xml version="1.0" encoding="UTF-8"?>
<!-- Generated by org.testng.reporters.JUnitReportReporter -->
<testsuite hostname="LAPTOP-QPIQKOPD" failures="0" tests="1" name="TestNGsProgram.Group1" time="0.014" errors="0" timestamp="2021-10-31T21:32:18 IST" skipped="0">
  <testcase classname="TestNGsProgram.Group1" name="sample1" time="0.014"/>
  <system-out/>
</testsuite> <!-- TestNGsProgram.Group1 -->
