<?xml version="1.0" encoding="UTF-8"?>
<!-- Generated by org.testng.reporters.JUnitReportReporter -->
<testsuite hostname="LAPTOP-QPIQKOPD" failures="0" tests="3" name="TestNGsProgram.TestCase8" time="0.031" errors="0" timestamp="2021-10-28T12:45:09 IST" skipped="0">
  <testcase classname="TestNGsProgram.TestCase8" name="a2" time="0.023"/>
  <system-out/>
  <testcase classname="TestNGsProgram.TestCase8" name="a3" time="0.006"/>
  <system-out/>
  <testcase classname="TestNGsProgram.TestCase8" name="a1" time="0.002"/>
  <system-out/>
</testsuite> <!-- TestNGsProgram.TestCase8 -->
