<?xml version="1.0" encoding="UTF-8"?>
<!-- Generated by org.testng.reporters.JUnitReportReporter -->
<testsuite hostname="LAPTOP-QPIQKOPD" failures="0" tests="1" name="TestNGsProgram.PassTheDataFromTestingFile" time="18.482" errors="0" timestamp="2021-10-29T10:19:57 IST" skipped="0">
  <testcase classname="TestNGsProgram.PassTheDataFromTestingFile" name="login" time="18.482"/>
  <system-out/>
</testsuite> <!-- TestNGsProgram.PassTheDataFromTestingFile -->
