<?xml version="1.0" encoding="UTF-8"?>
<!-- Generated by org.testng.reporters.JUnitReportReporter -->
<testsuite hostname="LAPTOP-QPIQKOPD" failures="0" tests="1" name="TestNGsProgram.Flipcart" time="17.385" errors="0" timestamp="2021-10-29T11:22:37 IST" skipped="0">
  <testcase classname="TestNGsProgram.Flipcart" name="nav2" time="17.385"/>
  <system-out/>
</testsuite> <!-- TestNGsProgram.Flipcart -->
