<?xml version="1.0" encoding="UTF-8"?>
<!-- Generated by org.testng.reporters.JUnitReportReporter -->
<testsuite hostname="LAPTOP-QPIQKOPD" failures="0" tests="1" name="TestNGsProgram.TestCase11" time="0.016" errors="0" timestamp="2021-10-28T11:43:15 IST" skipped="0">
  <testcase classname="TestNGsProgram.TestCase11" name="login" time="0.016"/>
  <system-out>
    <![CDATA[its reporter class
test case id:001]]>
  </system-out>
</testsuite> <!-- TestNGsProgram.TestCase11 -->
