<?xml version="1.0" encoding="UTF-8"?>
<!-- Generated by org.testng.reporters.JUnitReportReporter -->
<testsuite hostname="LAPTOP-QPIQKOPD" failures="0" tests="3" name="TestNGsProgram.TestCase7" time="0.030" errors="0" timestamp="2021-10-28T11:25:52 IST" skipped="0">
  <testcase classname="TestNGsProgram.TestCase7" name="a3" time="0.005"/>
  <system-out/>
  <testcase classname="TestNGsProgram.TestCase7" name="a1" time="0.023"/>
  <system-out/>
  <testcase classname="TestNGsProgram.TestCase7" name="a2" time="0.002"/>
  <system-out/>
</testsuite> <!-- TestNGsProgram.TestCase7 -->
