<?xml version="1.0" encoding="UTF-8"?>
<!-- Generated by org.testng.reporters.JUnitReportReporter -->
<testsuite hostname="LAPTOP-QPIQKOPD" failures="0" tests="2" name="TestNGsProgram.TestCase13" time="42.608" errors="0" timestamp="2021-10-28T15:40:38 IST" skipped="0">
  <testcase classname="TestNGsProgram.TestCase13" name="logindemo" time="18.142"/>
  <system-out/>
  <testcase classname="TestNGsProgram.TestCase13" name="logindemo" time="24.466"/>
  <system-out/>
</testsuite> <!-- TestNGsProgram.TestCase13 -->
