<?xml version="1.0" encoding="UTF-8"?>
<!-- Generated by org.testng.reporters.JUnitReportReporter -->
<testsuite hostname="LAPTOP-QPIQKOPD" failures="0" tests="1" name="TestNGsProgram.Testcase1" time="0.013" errors="0" timestamp="2021-10-31T11:56:16 IST" skipped="0">
  <testcase classname="TestNGsProgram.Testcase1" name="login" time="0.013"/>
  <system-out/>
</testsuite> <!-- TestNGsProgram.Testcase1 -->
