<?xml version="1.0" encoding="UTF-8"?>
<!-- Generated by org.testng.reporters.JUnitReportReporter -->
<testsuite hostname="LAPTOP-QPIQKOPD" failures="0" tests="2" name="TestNGsProgram.TestCase2" time="40.135" errors="0" timestamp="2021-10-28T15:45:03 IST" skipped="0">
  <testcase classname="TestNGsProgram.TestCase2" name="demo1" time="21.133"/>
  <system-out/>
  <testcase classname="TestNGsProgram.TestCase2" name="demo1" time="19.002"/>
  <system-out/>
</testsuite> <!-- TestNGsProgram.TestCase2 -->
